0 info it worked if it ends with ok
1 verbose cli [ 'node', '/usr/local/bin/npm', 'install', '-g', 'bower' ]
2 info using npm@1.4.28
3 info using node@v0.10.33
4 verbose cache add [ 'bower', null ]
5 verbose cache add name=undefined spec="bower" args=["bower",null]
6 verbose parsed url { protocol: null,
6 verbose parsed url   slashes: null,
6 verbose parsed url   auth: null,
6 verbose parsed url   host: null,
6 verbose parsed url   port: null,
6 verbose parsed url   hostname: null,
6 verbose parsed url   hash: null,
6 verbose parsed url   search: null,
6 verbose parsed url   query: null,
6 verbose parsed url   pathname: 'bower',
6 verbose parsed url   path: 'bower',
6 verbose parsed url   href: 'bower' }
7 silly lockFile 206e3ce5-bower bower
8 verbose lock bower /Users/jjohnson/.npm/206e3ce5-bower.lock
9 silly lockFile 206e3ce5-bower bower
10 silly lockFile 206e3ce5-bower bower
11 verbose addNamed [ 'bower', '' ]
12 verbose addNamed [ null, '*' ]
13 silly lockFile 1240aab1-bower bower@
14 verbose lock bower@ /Users/jjohnson/.npm/1240aab1-bower.lock
15 silly addNameRange { name: 'bower', range: '*', hasData: false }
16 verbose request where is /bower
17 verbose request registry https://registry.npmjs.org/
18 verbose request id 9940a440b708ce20
19 verbose url raw /bower
20 verbose url resolving [ 'https://registry.npmjs.org/', './bower' ]
21 verbose url resolved https://registry.npmjs.org/bower
22 verbose request where is https://registry.npmjs.org/bower
23 info trying registry request attempt 1 at 09:49:05
24 verbose etag "9A4OKQ1PABZX2AW41ART500BQ"
25 http GET https://registry.npmjs.org/bower
26 http 200 https://registry.npmjs.org/bower
27 silly registry.get cb [ 200,
27 silly registry.get   { server: 'CouchDB/1.5.0 (Erlang OTP/R16B03)',
27 silly registry.get     etag: '"C5GPEP43F9XQ6KECR9JOY7LU5"',
27 silly registry.get     'content-type': 'application/json',
27 silly registry.get     'content-encoding': 'gzip',
27 silly registry.get     'cache-control': 'max-age=300',
27 silly registry.get     'content-length': '20335',
27 silly registry.get     'accept-ranges': 'bytes',
27 silly registry.get     date: 'Sat, 16 Apr 2016 14:49:06 GMT',
27 silly registry.get     via: '1.1 varnish',
27 silly registry.get     age: '136',
27 silly registry.get     connection: 'keep-alive',
27 silly registry.get     'x-served-by': 'cache-ord1731-ORD',
27 silly registry.get     'x-cache': 'HIT',
27 silly registry.get     'x-cache-hits': '1',
27 silly registry.get     'x-timer': 'S1460818146.213797,VS0,VE0',
27 silly registry.get     vary: 'Accept-Encoding' } ]
28 silly addNameRange number 2 { name: 'bower', range: '*', hasData: true }
29 silly addNameRange versions [ 'bower',
29 silly addNameRange   [ '0.1.0',
29 silly addNameRange     '0.1.2',
29 silly addNameRange     '0.1.3',
29 silly addNameRange     '0.2.0',
29 silly addNameRange     '0.3.0',
29 silly addNameRange     '0.3.1',
29 silly addNameRange     '0.3.2',
29 silly addNameRange     '0.4.0',
29 silly addNameRange     '0.5.0',
29 silly addNameRange     '0.5.1',
29 silly addNameRange     '0.6.0',
29 silly addNameRange     '0.6.1',
29 silly addNameRange     '0.6.2',
29 silly addNameRange     '0.6.3',
29 silly addNameRange     '0.6.4',
29 silly addNameRange     '0.6.5',
29 silly addNameRange     '0.6.6',
29 silly addNameRange     '0.6.7',
29 silly addNameRange     '0.6.8',
29 silly addNameRange     '0.7.0',
29 silly addNameRange     '0.7.1',
29 silly addNameRange     '0.8.0',
29 silly addNameRange     '0.8.1',
29 silly addNameRange     '0.8.2',
29 silly addNameRange     '0.8.3',
29 silly addNameRange     '0.8.4',
29 silly addNameRange     '0.8.5',
29 silly addNameRange     '0.8.6',
29 silly addNameRange     '0.9.0',
29 silly addNameRange     '0.9.1',
29 silly addNameRange     '0.9.2',
29 silly addNameRange     '0.10.0',
29 silly addNameRange     '1.0.0',
29 silly addNameRange     '1.0.1',
29 silly addNameRange     '1.0.2',
29 silly addNameRange     '1.0.3',
29 silly addNameRange     '1.1.0',
29 silly addNameRange     '1.1.1',
29 silly addNameRange     '1.1.2',
29 silly addNameRange     '1.2.0',
29 silly addNameRange     '1.2.1',
29 silly addNameRange     '1.2.2',
29 silly addNameRange     '1.2.3',
29 silly addNameRange     '1.2.4',
29 silly addNameRange     '1.2.5',
29 silly addNameRange     '1.2.6',
29 silly addNameRange     '1.2.7',
29 silly addNameRange     '1.2.8',
29 silly addNameRange     '1.3.0',
29 silly addNameRange     '1.3.1',
29 silly addNameRange     '1.3.2',
29 silly addNameRange     '1.3.3',
29 silly addNameRange     '1.3.4',
29 silly addNameRange     '1.3.5',
29 silly addNameRange     '1.3.6',
29 silly addNameRange     '1.3.7',
29 silly addNameRange     '1.3.8',
29 silly addNameRange     '1.3.9',
29 silly addNameRange     '1.3.10',
29 silly addNameRange     '1.3.11',
29 silly addNameRange     '1.3.12',
29 silly addNameRange     '1.4.0',
29 silly addNameRange     '1.4.1',
29 silly addNameRange     '1.5.0',
29 silly addNameRange     '1.5.1',
29 silly addNameRange     '1.5.2',
29 silly addNameRange     '1.5.3',
29 silly addNameRange     '1.6.2',
29 silly addNameRange     '1.6.3',
29 silly addNameRange     '1.6.4',
29 silly addNameRange     '1.6.5',
29 silly addNameRange     '1.5.4',
29 silly addNameRange     '1.4.2',
29 silly addNameRange     '1.6.6',
29 silly addNameRange     '1.6.7',
29 silly addNameRange     '1.6.8',
29 silly addNameRange     '1.6.9',
29 silly addNameRange     '1.7.0',
29 silly addNameRange     '1.7.1',
29 silly addNameRange     '1.7.2',
29 silly addNameRange     '1.7.5',
29 silly addNameRange     '1.7.6',
29 silly addNameRange     '1.7.7',
29 silly addNameRange     '1.7.8',
29 silly addNameRange     '1.7.9' ] ]
30 verbose addNamed [ 'bower', '1.7.9' ]
31 verbose addNamed [ '1.7.9', '1.7.9' ]
32 silly lockFile c07be986-bower-1-7-9 bower@1.7.9
33 verbose lock bower@1.7.9 /Users/jjohnson/.npm/c07be986-bower-1-7-9.lock
34 silly lockFile 1539c588--npmjs-org-bower-bower-1-7-9-tgz https://registry.npmjs.org/bower/-/bower-1.7.9.tgz
35 verbose lock https://registry.npmjs.org/bower/-/bower-1.7.9.tgz /Users/jjohnson/.npm/1539c588--npmjs-org-bower-bower-1-7-9-tgz.lock
36 verbose addRemoteTarball [ 'https://registry.npmjs.org/bower/-/bower-1.7.9.tgz',
36 verbose addRemoteTarball   'b7296c2393e0d75edaa6ca39648132dd255812b0' ]
37 info retry fetch attempt 1 at 09:49:06
38 verbose fetch to= /var/folders/sq/45t0pft12k73tv49_6r43bz40000gp/T/npm-78072-ANM2vhH5/registry.npmjs.org/bower/-/bower-1.7.9.tgz
39 http GET https://registry.npmjs.org/bower/-/bower-1.7.9.tgz
40 http 200 https://registry.npmjs.org/bower/-/bower-1.7.9.tgz
41 silly lockFile 1539c588--npmjs-org-bower-bower-1-7-9-tgz https://registry.npmjs.org/bower/-/bower-1.7.9.tgz
42 silly lockFile 1539c588--npmjs-org-bower-bower-1-7-9-tgz https://registry.npmjs.org/bower/-/bower-1.7.9.tgz
43 silly lockFile c07be986-bower-1-7-9 bower@1.7.9
44 silly lockFile c07be986-bower-1-7-9 bower@1.7.9
45 silly lockFile 1240aab1-bower bower@
46 silly lockFile 1240aab1-bower bower@
47 silly resolved [ { name: 'bower',
47 silly resolved     version: '1.7.9',
47 silly resolved     description: 'The browser package manager',
47 silly resolved     author: { name: 'Twitter' },
47 silly resolved     license: 'MIT',
47 silly resolved     repository: { type: 'git', url: 'git+https://github.com/bower/bower.git' },
47 silly resolved     main: 'lib',
47 silly resolved     bin: { bower: 'bin/bower' },
47 silly resolved     homepage: 'http://bower.io',
47 silly resolved     engines: { node: '>=0.10.0' },
47 silly resolved     keywords: [ 'bower' ],
47 silly resolved     files: [ 'bin', 'lib' ],
47 silly resolved     bugs: { url: 'https://github.com/bower/bower/issues' },
47 silly resolved     _id: 'bower@1.7.9',
47 silly resolved     scripts: {},
47 silly resolved     _shasum: 'b7296c2393e0d75edaa6ca39648132dd255812b0',
47 silly resolved     _from: 'bower@',
47 silly resolved     _npmVersion: '3.7.3',
47 silly resolved     _nodeVersion: '5.9.0',
47 silly resolved     _npmUser: { name: 'sheerun', email: 'sheerun@sher.pl' },
47 silly resolved     dist:
47 silly resolved      { shasum: 'b7296c2393e0d75edaa6ca39648132dd255812b0',
47 silly resolved        tarball: 'https://registry.npmjs.org/bower/-/bower-1.7.9.tgz' },
47 silly resolved     maintainers:
47 silly resolved      [ [Object],
47 silly resolved        [Object],
47 silly resolved        [Object],
47 silly resolved        [Object],
47 silly resolved        [Object],
47 silly resolved        [Object],
47 silly resolved        [Object] ],
47 silly resolved     _npmOperationalInternal:
47 silly resolved      { host: 'packages-12-west.internal.npmjs.com',
47 silly resolved        tmp: 'tmp/bower-1.7.9.tgz_1459857239351_0.9720134933013469' },
47 silly resolved     directories: {},
47 silly resolved     _resolved: 'https://registry.npmjs.org/bower/-/bower-1.7.9.tgz' } ]
48 info install bower@1.7.9 into /usr/local/lib
49 info installOne bower@1.7.9
50 verbose lib/node_modules/bower unbuild
51 verbose tar unpack /Users/jjohnson/.npm/bower/1.7.9/package.tgz
52 silly lockFile 1396471b-usr-local-lib-node-modules-bower tar:///usr/local/lib/node_modules/bower
53 verbose lock tar:///usr/local/lib/node_modules/bower /Users/jjohnson/.npm/1396471b-usr-local-lib-node-modules-bower.lock
54 silly lockFile db6de519-nson-npm-bower-1-7-9-package-tgz tar:///Users/jjohnson/.npm/bower/1.7.9/package.tgz
55 verbose lock tar:///Users/jjohnson/.npm/bower/1.7.9/package.tgz /Users/jjohnson/.npm/db6de519-nson-npm-bower-1-7-9-package-tgz.lock
56 silly gunzTarPerm modes [ '755', '644' ]
57 error Error: EACCES, mkdir '/usr/local/lib/node_modules/bower'
57 error  { [Error: EACCES, mkdir '/usr/local/lib/node_modules/bower']
57 error   errno: 3,
57 error   code: 'EACCES',
57 error   path: '/usr/local/lib/node_modules/bower',
57 error   fstream_type: 'Directory',
57 error   fstream_path: '/usr/local/lib/node_modules/bower',
57 error   fstream_class: 'DirWriter',
57 error   fstream_stack:
57 error    [ '/usr/local/lib/node_modules/npm/node_modules/fstream/lib/dir-writer.js:36:23',
57 error      '/usr/local/lib/node_modules/npm/node_modules/mkdirp/index.js:46:53',
57 error      'Object.oncomplete (fs.js:107:15)' ] }
58 error Please try running this command again as root/Administrator.
59 error System Darwin 13.4.0
60 error command "node" "/usr/local/bin/npm" "install" "-g" "bower"
61 error cwd /Users/jjohnson/Projects/shine
62 error node -v v0.10.33
63 error npm -v 1.4.28
64 error path /usr/local/lib/node_modules/bower
65 error fstream_path /usr/local/lib/node_modules/bower
66 error fstream_type Directory
67 error fstream_class DirWriter
68 error code EACCES
69 error errno 3
70 error stack Error: EACCES, mkdir '/usr/local/lib/node_modules/bower'
71 error fstream_stack /usr/local/lib/node_modules/npm/node_modules/fstream/lib/dir-writer.js:36:23
71 error fstream_stack /usr/local/lib/node_modules/npm/node_modules/mkdirp/index.js:46:53
71 error fstream_stack Object.oncomplete (fs.js:107:15)
72 verbose exit [ 3, true ]
